2025-07-15 00:58:20,456 [INFO] MainUpdater:2872 - connection check result : 10
2025-07-15 00:58:20,617 [INFO] McuFinderGlobals:76 - Set McuFinderConnectedMode to true
2025-07-15 00:58:20,633 [INFO] MultiScanPanel:200 - Auto-refresh data requested => check proxy status ongoing
2025-07-15 00:58:20,642 [INFO] FinderPluginLoader:96 - Searching for filters in installed packs
2025-07-15 00:58:21,157 [ERROR] LogOutputStream:75 - [STDERR_REDIRECT] [Fatal Error] :1:1: Premature end of file.
2025-07-15 00:58:21,157 [ERROR] LogOutputStream:75 - [STDERR_REDIRECT] 
2025-07-15 00:58:22,168 [ERROR] LogOutputStream:75 - [STDERR_REDIRECT] [Fatal Error] :1:1: Premature end of file.
2025-07-15 00:58:22,168 [ERROR] LogOutputStream:75 - [STDERR_REDIRECT] 
2025-07-15 00:58:22,386 [INFO] LoadUrlFilesThread:185 - End of LoadServerUrlFiles without Thread
2025-07-15 00:58:22,500 [INFO] DetailPanel:341 - Set advertising image to C:/Users/hfk47/STM32Cube/Repository/\en.2400x1350px.jpeg
2025-07-15 00:58:23,226 [ERROR] LogOutputStream:75 - [STDERR_REDIRECT] [Fatal Error] :1:1: Premature end of file.
2025-07-15 00:58:23,226 [ERROR] LogOutputStream:75 - [STDERR_REDIRECT] 
2025-07-15 00:58:24,179 [ERROR] LogOutputStream:75 - [STDERR_REDIRECT] [Fatal Error] :1:1: Premature end of file.
2025-07-15 00:58:24,179 [ERROR] LogOutputStream:75 - [STDERR_REDIRECT] 
2025-07-15 00:58:25,169 [ERROR] LogOutputStream:75 - [STDERR_REDIRECT] [Fatal Error] :1:1: Premature end of file.
2025-07-15 00:58:25,169 [ERROR] LogOutputStream:75 - [STDERR_REDIRECT] 
2025-07-15 00:58:26,163 [ERROR] LogOutputStream:75 - [STDERR_REDIRECT] [Fatal Error] :1:1: Premature end of file.
2025-07-15 00:58:26,163 [ERROR] LogOutputStream:75 - [STDERR_REDIRECT] 
2025-07-15 00:58:27,159 [ERROR] LogOutputStream:75 - [STDERR_REDIRECT] [Fatal Error] :1:1: Premature end of file.
2025-07-15 00:58:27,160 [ERROR] LogOutputStream:75 - [STDERR_REDIRECT] 
2025-07-15 00:58:28,168 [ERROR] LogOutputStream:75 - [STDERR_REDIRECT] [Fatal Error] :1:1: Premature end of file.
2025-07-15 00:58:28,168 [ERROR] LogOutputStream:75 - [STDERR_REDIRECT] 
2025-07-15 00:58:29,164 [ERROR] LogOutputStream:75 - [STDERR_REDIRECT] [Fatal Error] :1:1: Premature end of file.
2025-07-15 00:58:29,164 [ERROR] LogOutputStream:75 - [STDERR_REDIRECT] 
2025-07-15 00:58:30,164 [ERROR] LogOutputStream:75 - [STDERR_REDIRECT] [Fatal Error] :1:1: Premature end of file.
2025-07-15 00:58:30,164 [ERROR] LogOutputStream:75 - [STDERR_REDIRECT] 
2025-07-15 00:58:31,171 [ERROR] LogOutputStream:75 - [STDERR_REDIRECT] [Fatal Error] :1:1: Premature end of file.
2025-07-15 00:58:31,172 [ERROR] LogOutputStream:75 - [STDERR_REDIRECT] 
2025-07-15 00:58:32,164 [ERROR] LogOutputStream:75 - [STDERR_REDIRECT] [Fatal Error] :1:1: Premature end of file.
2025-07-15 00:58:32,165 [ERROR] LogOutputStream:75 - [STDERR_REDIRECT] 
2025-07-15 00:58:33,160 [ERROR] LogOutputStream:75 - [STDERR_REDIRECT] [Fatal Error] :1:1: Premature end of file.
2025-07-15 00:58:33,160 [ERROR] LogOutputStream:75 - [STDERR_REDIRECT] 
2025-07-15 00:58:34,157 [ERROR] LogOutputStream:75 - [STDERR_REDIRECT] [Fatal Error] :1:1: Premature end of file.
2025-07-15 00:58:34,157 [ERROR] LogOutputStream:75 - [STDERR_REDIRECT] 
2025-07-15 00:58:35,172 [ERROR] LogOutputStream:75 - [STDERR_REDIRECT] [Fatal Error] :1:1: Premature end of file.
2025-07-15 00:58:35,172 [ERROR] LogOutputStream:75 - [STDERR_REDIRECT] 
2025-07-15 00:58:36,169 [ERROR] LogOutputStream:75 - [STDERR_REDIRECT] [Fatal Error] :1:1: Premature end of file.
2025-07-15 00:58:36,169 [ERROR] LogOutputStream:75 - [STDERR_REDIRECT] 
2025-07-15 00:58:37,159 [ERROR] LogOutputStream:75 - [STDERR_REDIRECT] [Fatal Error] :1:1: Premature end of file.
2025-07-15 00:58:37,159 [ERROR] LogOutputStream:75 - [STDERR_REDIRECT] 
2025-07-15 00:58:38,159 [ERROR] LogOutputStream:75 - [STDERR_REDIRECT] [Fatal Error] :1:1: Premature end of file.
2025-07-15 00:58:38,159 [ERROR] LogOutputStream:75 - [STDERR_REDIRECT] 
2025-07-15 00:58:39,158 [ERROR] LogOutputStream:75 - [STDERR_REDIRECT] [Fatal Error] :1:1: Premature end of file.
2025-07-15 00:58:39,158 [ERROR] LogOutputStream:75 - [STDERR_REDIRECT] 
2025-07-15 00:58:40,171 [ERROR] LogOutputStream:75 - [STDERR_REDIRECT] [Fatal Error] :1:1: Premature end of file.
2025-07-15 00:58:40,171 [ERROR] LogOutputStream:75 - [STDERR_REDIRECT] 
2025-07-15 00:58:41,165 [ERROR] LogOutputStream:75 - [STDERR_REDIRECT] [Fatal Error] :1:1: Premature end of file.
2025-07-15 00:58:41,165 [ERROR] LogOutputStream:75 - [STDERR_REDIRECT] 
2025-07-15 00:58:42,173 [ERROR] LogOutputStream:75 - [STDERR_REDIRECT] [Fatal Error] :1:1: Premature end of file.
2025-07-15 00:58:42,173 [ERROR] LogOutputStream:75 - [STDERR_REDIRECT] 
2025-07-15 00:58:43,162 [ERROR] LogOutputStream:75 - [STDERR_REDIRECT] [Fatal Error] :1:1: Premature end of file.
2025-07-15 00:58:43,162 [ERROR] LogOutputStream:75 - [STDERR_REDIRECT] 
2025-07-15 00:58:44,157 [ERROR] LogOutputStream:75 - [STDERR_REDIRECT] [Fatal Error] :1:1: Premature end of file.
2025-07-15 00:58:44,157 [ERROR] LogOutputStream:75 - [STDERR_REDIRECT] 
2025-07-15 00:58:45,164 [ERROR] LogOutputStream:75 - [STDERR_REDIRECT] [Fatal Error] :1:1: Premature end of file.
2025-07-15 00:58:45,164 [ERROR] LogOutputStream:75 - [STDERR_REDIRECT] 
2025-07-15 00:58:46,159 [ERROR] LogOutputStream:75 - [STDERR_REDIRECT] [Fatal Error] :1:1: Premature end of file.
2025-07-15 00:58:46,159 [ERROR] LogOutputStream:75 - [STDERR_REDIRECT] 
2025-07-15 00:58:47,167 [ERROR] LogOutputStream:75 - [STDERR_REDIRECT] [Fatal Error] :1:1: Premature end of file.
2025-07-15 00:58:47,167 [ERROR] LogOutputStream:75 - [STDERR_REDIRECT] 
2025-07-15 00:58:48,165 [ERROR] LogOutputStream:75 - [STDERR_REDIRECT] [Fatal Error] :1:1: Premature end of file.
2025-07-15 00:58:48,165 [ERROR] LogOutputStream:75 - [STDERR_REDIRECT] 
2025-07-15 00:58:49,158 [ERROR] LogOutputStream:75 - [STDERR_REDIRECT] [Fatal Error] :1:1: Premature end of file.
2025-07-15 00:58:49,158 [ERROR] LogOutputStream:75 - [STDERR_REDIRECT] 
2025-07-15 00:58:50,171 [ERROR] LogOutputStream:75 - [STDERR_REDIRECT] [Fatal Error] :1:1: Premature end of file.
2025-07-15 00:58:50,171 [ERROR] LogOutputStream:75 - [STDERR_REDIRECT] 
2025-07-15 00:58:51,168 [ERROR] LogOutputStream:75 - [STDERR_REDIRECT] [Fatal Error] :1:1: Premature end of file.
2025-07-15 00:58:51,168 [ERROR] LogOutputStream:75 - [STDERR_REDIRECT] 
2025-07-15 00:58:52,166 [ERROR] LogOutputStream:75 - [STDERR_REDIRECT] [Fatal Error] :1:1: Premature end of file.
2025-07-15 00:58:52,166 [ERROR] LogOutputStream:75 - [STDERR_REDIRECT] 
2025-07-15 00:58:53,157 [ERROR] LogOutputStream:75 - [STDERR_REDIRECT] [Fatal Error] :1:1: Premature end of file.
2025-07-15 00:58:53,157 [ERROR] LogOutputStream:75 - [STDERR_REDIRECT] 
2025-07-15 00:58:54,156 [ERROR] LogOutputStream:75 - [STDERR_REDIRECT] [Fatal Error] :1:1: Premature end of file.
2025-07-15 00:58:54,156 [ERROR] LogOutputStream:75 - [STDERR_REDIRECT] 
2025-07-15 00:58:55,170 [ERROR] LogOutputStream:75 - [STDERR_REDIRECT] [Fatal Error] :1:1: Premature end of file.
2025-07-15 00:58:55,170 [ERROR] LogOutputStream:75 - [STDERR_REDIRECT] 
2025-07-15 00:58:56,159 [ERROR] LogOutputStream:75 - [STDERR_REDIRECT] [Fatal Error] :1:1: Premature end of file.
2025-07-15 00:58:56,159 [ERROR] LogOutputStream:75 - [STDERR_REDIRECT] 
2025-07-15 00:58:57,166 [ERROR] LogOutputStream:75 - [STDERR_REDIRECT] [Fatal Error] :1:1: Premature end of file.
2025-07-15 00:58:57,166 [ERROR] LogOutputStream:75 - [STDERR_REDIRECT] 
2025-07-15 00:58:58,165 [ERROR] LogOutputStream:75 - [STDERR_REDIRECT] [Fatal Error] :1:1: Premature end of file.
2025-07-15 00:58:58,165 [ERROR] LogOutputStream:75 - [STDERR_REDIRECT] 
2025-07-15 00:58:59,169 [ERROR] LogOutputStream:75 - [STDERR_REDIRECT] [Fatal Error] :1:1: Premature end of file.
2025-07-15 00:58:59,169 [ERROR] LogOutputStream:75 - [STDERR_REDIRECT] 
2025-07-15 00:59:00,163 [ERROR] LogOutputStream:75 - [STDERR_REDIRECT] [Fatal Error] :1:1: Premature end of file.
2025-07-15 00:59:00,163 [ERROR] LogOutputStream:75 - [STDERR_REDIRECT] 
2025-07-15 00:59:01,161 [ERROR] LogOutputStream:75 - [STDERR_REDIRECT] [Fatal Error] :1:1: Premature end of file.
2025-07-15 00:59:01,162 [ERROR] LogOutputStream:75 - [STDERR_REDIRECT] 
2025-07-15 00:59:02,157 [ERROR] LogOutputStream:75 - [STDERR_REDIRECT] [Fatal Error] :1:1: Premature end of file.
2025-07-15 00:59:02,157 [ERROR] LogOutputStream:75 - [STDERR_REDIRECT] 
2025-07-15 00:59:03,167 [ERROR] LogOutputStream:75 - [STDERR_REDIRECT] [Fatal Error] :1:1: Premature end of file.
2025-07-15 00:59:03,167 [ERROR] LogOutputStream:75 - [STDERR_REDIRECT] 
2025-07-15 00:59:04,162 [ERROR] LogOutputStream:75 - [STDERR_REDIRECT] [Fatal Error] :1:1: Premature end of file.
2025-07-15 00:59:04,162 [ERROR] LogOutputStream:75 - [STDERR_REDIRECT] 
2025-07-15 00:59:05,163 [ERROR] LogOutputStream:75 - [STDERR_REDIRECT] [Fatal Error] :1:1: Premature end of file.
2025-07-15 00:59:05,163 [ERROR] LogOutputStream:75 - [STDERR_REDIRECT] 
2025-07-15 00:59:06,166 [ERROR] LogOutputStream:75 - [STDERR_REDIRECT] [Fatal Error] :1:1: Premature end of file.
2025-07-15 00:59:06,166 [ERROR] LogOutputStream:75 - [STDERR_REDIRECT] 
2025-07-15 00:59:07,161 [ERROR] LogOutputStream:75 - [STDERR_REDIRECT] [Fatal Error] :1:1: Premature end of file.
2025-07-15 00:59:07,161 [ERROR] LogOutputStream:75 - [STDERR_REDIRECT] 
2025-07-15 00:59:08,154 [ERROR] LogOutputStream:75 - [STDERR_REDIRECT] [Fatal Error] :1:1: Premature end of file.
2025-07-15 00:59:08,154 [ERROR] LogOutputStream:75 - [STDERR_REDIRECT] 
2025-07-15 00:59:09,168 [ERROR] LogOutputStream:75 - [STDERR_REDIRECT] [Fatal Error] :1:1: Premature end of file.
2025-07-15 00:59:09,168 [ERROR] LogOutputStream:75 - [STDERR_REDIRECT] 
2025-07-15 00:59:10,159 [ERROR] LogOutputStream:75 - [STDERR_REDIRECT] [Fatal Error] :1:1: Premature end of file.
2025-07-15 00:59:10,159 [ERROR] LogOutputStream:75 - [STDERR_REDIRECT] 
2025-07-15 00:59:11,166 [ERROR] LogOutputStream:75 - [STDERR_REDIRECT] [Fatal Error] :1:1: Premature end of file.
2025-07-15 00:59:11,166 [ERROR] LogOutputStream:75 - [STDERR_REDIRECT] 
2025-07-15 00:59:12,168 [ERROR] LogOutputStream:75 - [STDERR_REDIRECT] [Fatal Error] :1:1: Premature end of file.
2025-07-15 00:59:12,168 [ERROR] LogOutputStream:75 - [STDERR_REDIRECT] 
2025-07-15 00:59:13,158 [ERROR] LogOutputStream:75 - [STDERR_REDIRECT] [Fatal Error] :1:1: Premature end of file.
2025-07-15 00:59:13,158 [ERROR] LogOutputStream:75 - [STDERR_REDIRECT] 
2025-07-15 00:59:14,156 [ERROR] LogOutputStream:75 - [STDERR_REDIRECT] [Fatal Error] :1:1: Premature end of file.
2025-07-15 00:59:14,156 [ERROR] LogOutputStream:75 - [STDERR_REDIRECT] 
2025-07-15 00:59:15,173 [ERROR] LogOutputStream:75 - [STDERR_REDIRECT] [Fatal Error] :1:1: Premature end of file.
2025-07-15 00:59:15,173 [ERROR] LogOutputStream:75 - [STDERR_REDIRECT] 
2025-07-15 00:59:16,164 [ERROR] LogOutputStream:75 - [STDERR_REDIRECT] [Fatal Error] :1:1: Premature end of file.
2025-07-15 00:59:16,164 [ERROR] LogOutputStream:75 - [STDERR_REDIRECT] 
2025-07-15 00:59:17,162 [ERROR] LogOutputStream:75 - [STDERR_REDIRECT] [Fatal Error] :1:1: Premature end of file.
2025-07-15 00:59:17,162 [ERROR] LogOutputStream:75 - [STDERR_REDIRECT] 
2025-07-15 00:59:18,171 [ERROR] LogOutputStream:75 - [STDERR_REDIRECT] [Fatal Error] :1:1: Premature end of file.
2025-07-15 00:59:18,171 [ERROR] LogOutputStream:75 - [STDERR_REDIRECT] 
2025-07-15 00:59:19,158 [ERROR] LogOutputStream:75 - [STDERR_REDIRECT] [Fatal Error] :1:1: Premature end of file.
2025-07-15 00:59:19,158 [ERROR] LogOutputStream:75 - [STDERR_REDIRECT] 
2025-07-15 00:59:20,168 [ERROR] LogOutputStream:75 - [STDERR_REDIRECT] [Fatal Error] :1:1: Premature end of file.
2025-07-15 00:59:20,168 [ERROR] LogOutputStream:75 - [STDERR_REDIRECT] 
2025-07-15 00:59:21,170 [ERROR] LogOutputStream:75 - [STDERR_REDIRECT] [Fatal Error] :1:1: Premature end of file.
2025-07-15 00:59:21,170 [ERROR] LogOutputStream:75 - [STDERR_REDIRECT] 
2025-07-15 00:59:22,162 [ERROR] LogOutputStream:75 - [STDERR_REDIRECT] [Fatal Error] :1:1: Premature end of file.
2025-07-15 00:59:22,162 [ERROR] LogOutputStream:75 - [STDERR_REDIRECT] 
2025-07-15 00:59:23,169 [ERROR] LogOutputStream:75 - [STDERR_REDIRECT] [Fatal Error] :1:1: Premature end of file.
2025-07-15 00:59:23,169 [ERROR] LogOutputStream:75 - [STDERR_REDIRECT] 
2025-07-15 00:59:24,168 [ERROR] LogOutputStream:75 - [STDERR_REDIRECT] [Fatal Error] :1:1: Premature end of file.
2025-07-15 00:59:24,168 [ERROR] LogOutputStream:75 - [STDERR_REDIRECT] 
2025-07-15 00:59:25,160 [ERROR] LogOutputStream:75 - [STDERR_REDIRECT] [Fatal Error] :1:1: Premature end of file.
2025-07-15 00:59:25,161 [ERROR] LogOutputStream:75 - [STDERR_REDIRECT] 
2025-07-15 00:59:26,168 [ERROR] LogOutputStream:75 - [STDERR_REDIRECT] [Fatal Error] :1:1: Premature end of file.
2025-07-15 00:59:26,168 [ERROR] LogOutputStream:75 - [STDERR_REDIRECT] 
2025-07-15 00:59:27,161 [ERROR] LogOutputStream:75 - [STDERR_REDIRECT] [Fatal Error] :1:1: Premature end of file.
2025-07-15 00:59:27,161 [ERROR] LogOutputStream:75 - [STDERR_REDIRECT] 
2025-07-15 00:59:28,169 [ERROR] LogOutputStream:75 - [STDERR_REDIRECT] [Fatal Error] :1:1: Premature end of file.
2025-07-15 00:59:28,169 [ERROR] LogOutputStream:75 - [STDERR_REDIRECT] 
2025-07-15 00:59:29,162 [ERROR] LogOutputStream:75 - [STDERR_REDIRECT] [Fatal Error] :1:1: Premature end of file.
2025-07-15 00:59:29,162 [ERROR] LogOutputStream:75 - [STDERR_REDIRECT] 
2025-07-15 00:59:30,157 [ERROR] LogOutputStream:75 - [STDERR_REDIRECT] [Fatal Error] :1:1: Premature end of file.
2025-07-15 00:59:30,157 [ERROR] LogOutputStream:75 - [STDERR_REDIRECT] 
2025-07-15 00:59:31,169 [ERROR] LogOutputStream:75 - [STDERR_REDIRECT] [Fatal Error] :1:1: Premature end of file.
2025-07-15 00:59:31,169 [ERROR] LogOutputStream:75 - [STDERR_REDIRECT] 
2025-07-15 00:59:32,171 [ERROR] LogOutputStream:75 - [STDERR_REDIRECT] [Fatal Error] :1:1: Premature end of file.
2025-07-15 00:59:32,171 [ERROR] LogOutputStream:75 - [STDERR_REDIRECT] 
2025-07-15 00:59:33,164 [ERROR] LogOutputStream:75 - [STDERR_REDIRECT] [Fatal Error] :1:1: Premature end of file.
2025-07-15 00:59:33,165 [ERROR] LogOutputStream:75 - [STDERR_REDIRECT] 
2025-07-15 00:59:34,166 [ERROR] LogOutputStream:75 - [STDERR_REDIRECT] [Fatal Error] :1:1: Premature end of file.
2025-07-15 00:59:34,166 [ERROR] LogOutputStream:75 - [STDERR_REDIRECT] 
2025-07-15 00:59:35,167 [ERROR] LogOutputStream:75 - [STDERR_REDIRECT] [Fatal Error] :1:1: Premature end of file.
2025-07-15 00:59:35,167 [ERROR] LogOutputStream:75 - [STDERR_REDIRECT] 
2025-07-15 00:59:36,165 [ERROR] LogOutputStream:75 - [STDERR_REDIRECT] [Fatal Error] :1:1: Premature end of file.
2025-07-15 00:59:36,165 [ERROR] LogOutputStream:75 - [STDERR_REDIRECT] 
2025-07-15 00:59:37,158 [ERROR] LogOutputStream:75 - [STDERR_REDIRECT] [Fatal Error] :1:1: Premature end of file.
2025-07-15 00:59:37,158 [ERROR] LogOutputStream:75 - [STDERR_REDIRECT] 
2025-07-15 00:59:38,159 [ERROR] LogOutputStream:75 - [STDERR_REDIRECT] [Fatal Error] :1:1: Premature end of file.
2025-07-15 00:59:38,159 [ERROR] LogOutputStream:75 - [STDERR_REDIRECT] 
2025-07-15 00:59:39,165 [ERROR] LogOutputStream:75 - [STDERR_REDIRECT] [Fatal Error] :1:1: Premature end of file.
2025-07-15 00:59:39,165 [ERROR] LogOutputStream:75 - [STDERR_REDIRECT] 
2025-07-15 00:59:40,165 [ERROR] LogOutputStream:75 - [STDERR_REDIRECT] [Fatal Error] :1:1: Premature end of file.
2025-07-15 00:59:40,165 [ERROR] LogOutputStream:75 - [STDERR_REDIRECT] 
2025-07-15 00:59:41,168 [ERROR] LogOutputStream:75 - [STDERR_REDIRECT] [Fatal Error] :1:1: Premature end of file.
2025-07-15 00:59:41,168 [ERROR] LogOutputStream:75 - [STDERR_REDIRECT] 
2025-07-15 00:59:42,169 [ERROR] LogOutputStream:75 - [STDERR_REDIRECT] [Fatal Error] :1:1: Premature end of file.
2025-07-15 00:59:42,169 [ERROR] LogOutputStream:75 - [STDERR_REDIRECT] 
2025-07-15 00:59:43,191 [ERROR] LogOutputStream:75 - [STDERR_REDIRECT] [Fatal Error] :1:1: Premature end of file.
2025-07-15 00:59:43,191 [ERROR] LogOutputStream:75 - [STDERR_REDIRECT] 
2025-07-15 00:59:44,179 [ERROR] LogOutputStream:75 - [STDERR_REDIRECT] [Fatal Error] :1:1: Premature end of file.
2025-07-15 00:59:44,179 [ERROR] LogOutputStream:75 - [STDERR_REDIRECT] 
2025-07-15 00:59:45,189 [ERROR] LogOutputStream:75 - [STDERR_REDIRECT] [Fatal Error] :1:1: Premature end of file.
2025-07-15 00:59:45,189 [ERROR] LogOutputStream:75 - [STDERR_REDIRECT] 
2025-07-15 00:59:46,161 [ERROR] LogOutputStream:75 - [STDERR_REDIRECT] [Fatal Error] :1:1: Premature end of file.
2025-07-15 00:59:46,161 [ERROR] LogOutputStream:75 - [STDERR_REDIRECT] 
2025-07-15 00:59:47,171 [ERROR] LogOutputStream:75 - [STDERR_REDIRECT] [Fatal Error] :1:1: Premature end of file.
2025-07-15 00:59:47,171 [ERROR] LogOutputStream:75 - [STDERR_REDIRECT] 
2025-07-15 00:59:48,165 [ERROR] LogOutputStream:75 - [STDERR_REDIRECT] [Fatal Error] :1:1: Premature end of file.
2025-07-15 00:59:48,165 [ERROR] LogOutputStream:75 - [STDERR_REDIRECT] 
2025-07-15 00:59:49,158 [ERROR] LogOutputStream:75 - [STDERR_REDIRECT] [Fatal Error] :1:1: Premature end of file.
2025-07-15 00:59:49,158 [ERROR] LogOutputStream:75 - [STDERR_REDIRECT] 
2025-07-15 00:59:50,158 [ERROR] LogOutputStream:75 - [STDERR_REDIRECT] [Fatal Error] :1:1: Premature end of file.
2025-07-15 00:59:50,158 [ERROR] LogOutputStream:75 - [STDERR_REDIRECT] 
2025-07-15 00:59:51,159 [ERROR] LogOutputStream:75 - [STDERR_REDIRECT] [Fatal Error] :1:1: Premature end of file.
2025-07-15 00:59:51,159 [ERROR] LogOutputStream:75 - [STDERR_REDIRECT] 
2025-07-15 00:59:52,166 [ERROR] LogOutputStream:75 - [STDERR_REDIRECT] [Fatal Error] :1:1: Premature end of file.
2025-07-15 00:59:52,166 [ERROR] LogOutputStream:75 - [STDERR_REDIRECT] 
2025-07-15 00:59:53,167 [ERROR] LogOutputStream:75 - [STDERR_REDIRECT] [Fatal Error] :1:1: Premature end of file.
2025-07-15 00:59:53,167 [ERROR] LogOutputStream:75 - [STDERR_REDIRECT] 
2025-07-15 00:59:54,168 [ERROR] LogOutputStream:75 - [STDERR_REDIRECT] [Fatal Error] :1:1: Premature end of file.
2025-07-15 00:59:54,168 [ERROR] LogOutputStream:75 - [STDERR_REDIRECT] 
2025-07-15 00:59:55,161 [ERROR] LogOutputStream:75 - [STDERR_REDIRECT] [Fatal Error] :1:1: Premature end of file.
2025-07-15 00:59:55,161 [ERROR] LogOutputStream:75 - [STDERR_REDIRECT] 
2025-07-15 00:59:56,170 [ERROR] LogOutputStream:75 - [STDERR_REDIRECT] [Fatal Error] :1:1: Premature end of file.
2025-07-15 00:59:56,170 [ERROR] LogOutputStream:75 - [STDERR_REDIRECT] 
2025-07-15 00:59:57,164 [ERROR] LogOutputStream:75 - [STDERR_REDIRECT] [Fatal Error] :1:1: Premature end of file.
2025-07-15 00:59:57,165 [ERROR] LogOutputStream:75 - [STDERR_REDIRECT] 
2025-07-15 00:59:58,160 [ERROR] LogOutputStream:75 - [STDERR_REDIRECT] [Fatal Error] :1:1: Premature end of file.
2025-07-15 00:59:58,160 [ERROR] LogOutputStream:75 - [STDERR_REDIRECT] 
2025-07-15 00:59:59,162 [ERROR] LogOutputStream:75 - [STDERR_REDIRECT] [Fatal Error] :1:1: Premature end of file.
2025-07-15 00:59:59,162 [ERROR] LogOutputStream:75 - [STDERR_REDIRECT] 
2025-07-15 01:00:00,161 [ERROR] LogOutputStream:75 - [STDERR_REDIRECT] [Fatal Error] :1:1: Premature end of file.
2025-07-15 01:00:00,161 [ERROR] LogOutputStream:75 - [STDERR_REDIRECT] 
2025-07-15 01:00:01,168 [ERROR] LogOutputStream:75 - [STDERR_REDIRECT] [Fatal Error] :1:1: Premature end of file.
2025-07-15 01:00:01,168 [ERROR] LogOutputStream:75 - [STDERR_REDIRECT] 
2025-07-15 01:00:02,164 [ERROR] LogOutputStream:75 - [STDERR_REDIRECT] [Fatal Error] :1:1: Premature end of file.
2025-07-15 01:00:02,164 [ERROR] LogOutputStream:75 - [STDERR_REDIRECT] 
2025-07-15 01:00:03,157 [ERROR] LogOutputStream:75 - [STDERR_REDIRECT] [Fatal Error] :1:1: Premature end of file.
2025-07-15 01:00:03,157 [ERROR] LogOutputStream:75 - [STDERR_REDIRECT] 
2025-07-15 01:00:04,169 [ERROR] LogOutputStream:75 - [STDERR_REDIRECT] [Fatal Error] :1:1: Premature end of file.
2025-07-15 01:00:04,169 [ERROR] LogOutputStream:75 - [STDERR_REDIRECT] 
2025-07-15 01:00:05,157 [ERROR] LogOutputStream:75 - [STDERR_REDIRECT] [Fatal Error] :1:1: Premature end of file.
2025-07-15 01:00:05,157 [ERROR] LogOutputStream:75 - [STDERR_REDIRECT] 
2025-07-15 01:00:06,168 [ERROR] LogOutputStream:75 - [STDERR_REDIRECT] [Fatal Error] :1:1: Premature end of file.
2025-07-15 01:00:06,168 [ERROR] LogOutputStream:75 - [STDERR_REDIRECT] 
2025-07-15 01:00:07,156 [ERROR] LogOutputStream:75 - [STDERR_REDIRECT] [Fatal Error] :1:1: Premature end of file.
2025-07-15 01:00:07,156 [ERROR] LogOutputStream:75 - [STDERR_REDIRECT] 
2025-07-15 01:00:08,171 [ERROR] LogOutputStream:75 - [STDERR_REDIRECT] [Fatal Error] :1:1: Premature end of file.
2025-07-15 01:00:08,171 [ERROR] LogOutputStream:75 - [STDERR_REDIRECT] 
2025-07-15 01:00:09,169 [ERROR] LogOutputStream:75 - [STDERR_REDIRECT] [Fatal Error] :1:1: Premature end of file.
2025-07-15 01:00:09,169 [ERROR] LogOutputStream:75 - [STDERR_REDIRECT] 
2025-07-15 01:00:10,170 [ERROR] LogOutputStream:75 - [STDERR_REDIRECT] [Fatal Error] :1:1: Premature end of file.
2025-07-15 01:00:10,170 [ERROR] LogOutputStream:75 - [STDERR_REDIRECT] 
2025-07-15 01:00:11,160 [ERROR] LogOutputStream:75 - [STDERR_REDIRECT] [Fatal Error] :1:1: Premature end of file.
2025-07-15 01:00:11,160 [ERROR] LogOutputStream:75 - [STDERR_REDIRECT] 
2025-07-15 01:00:12,162 [ERROR] LogOutputStream:75 - [STDERR_REDIRECT] [Fatal Error] :1:1: Premature end of file.
2025-07-15 01:00:12,162 [ERROR] LogOutputStream:75 - [STDERR_REDIRECT] 
2025-07-15 01:00:13,170 [ERROR] LogOutputStream:75 - [STDERR_REDIRECT] [Fatal Error] :1:1: Premature end of file.
2025-07-15 01:00:13,170 [ERROR] LogOutputStream:75 - [STDERR_REDIRECT] 
2025-07-15 01:00:14,161 [ERROR] LogOutputStream:75 - [STDERR_REDIRECT] [Fatal Error] :1:1: Premature end of file.
2025-07-15 01:00:14,161 [ERROR] LogOutputStream:75 - [STDERR_REDIRECT] 
2025-07-15 01:00:15,160 [ERROR] LogOutputStream:75 - [STDERR_REDIRECT] [Fatal Error] :1:1: Premature end of file.
2025-07-15 01:00:15,160 [ERROR] LogOutputStream:75 - [STDERR_REDIRECT] 
2025-07-15 01:00:16,160 [ERROR] LogOutputStream:75 - [STDERR_REDIRECT] [Fatal Error] :1:1: Premature end of file.
2025-07-15 01:00:16,160 [ERROR] LogOutputStream:75 - [STDERR_REDIRECT] 
2025-07-15 01:00:17,161 [ERROR] LogOutputStream:75 - [STDERR_REDIRECT] [Fatal Error] :1:1: Premature end of file.
2025-07-15 01:00:17,161 [ERROR] LogOutputStream:75 - [STDERR_REDIRECT] 
2025-07-15 01:00:18,162 [ERROR] LogOutputStream:75 - [STDERR_REDIRECT] [Fatal Error] :1:1: Premature end of file.
2025-07-15 01:00:18,162 [ERROR] LogOutputStream:75 - [STDERR_REDIRECT] 
2025-07-15 01:00:19,151 [ERROR] LogOutputStream:75 - [STDERR_REDIRECT] [Fatal Error] :1:1: Premature end of file.
2025-07-15 01:00:19,151 [ERROR] LogOutputStream:75 - [STDERR_REDIRECT] 
2025-07-15 01:00:20,155 [ERROR] LogOutputStream:75 - [STDERR_REDIRECT] [Fatal Error] :1:1: Premature end of file.
2025-07-15 01:00:20,155 [ERROR] LogOutputStream:75 - [STDERR_REDIRECT] 
2025-07-15 01:00:20,968 [INFO] McuFinderGlobals:76 - Set McuFinderConnectedMode to true
2025-07-15 01:00:20,986 [INFO] ApiDb:448 - Save user favorites file C:\Users\hfk47/.stm32cubeide/favorites.mcus.txt: 2 item(s)
2025-07-15 01:00:20,986 [INFO] ApiDb:452 - User favorites MCUs=[STM32F407VGT6, STM32F411CEU6]
2025-07-15 01:00:21,157 [ERROR] LogOutputStream:75 - [STDERR_REDIRECT] [Fatal Error] :1:1: Premature end of file.
2025-07-15 01:00:21,157 [ERROR] LogOutputStream:75 - [STDERR_REDIRECT] 
2025-07-15 01:00:22,170 [ERROR] LogOutputStream:75 - [STDERR_REDIRECT] [Fatal Error] :1:1: Premature end of file.
2025-07-15 01:00:22,170 [ERROR] LogOutputStream:75 - [STDERR_REDIRECT] 
2025-07-15 01:00:22,677 [ERROR] LogOutputStream:75 - [STDERR_REDIRECT] 
2025-07-15 01:00:22,679 [ERROR] LogOutputStream:75 - [STDERR_REDIRECT] 
